This is pdfTeX, Version 3.141592653-2.6-1.40.25 (MiKTeX 24.1) (preloaded format=pdflatex 2025.11.18)  18 NOV 2025 11:48
entering extended mode
 restricted \write18 enabled.
 %&-line parsing enabled.
**./Notlar-1.tex
(Notlar-1.tex
LaTeX2e <2023-11-01> patch level 1
L3 programming layer <2024-01-04>
(C:\Users\tezer\AppData\Local\Programs\MiKTeX\tex/latex/base\article.cls
Document Class: article 2023/05/17 v1.4n Standard LaTeX document class
(C:\Users\tezer\AppData\Local\Programs\MiKTeX\tex/latex/base\size12.clo
File: size12.clo 2023/05/17 v1.4n Standard LaTeX file (size option)
)
\c@part=\count187
\c@section=\count188
\c@subsection=\count189
\c@subsubsection=\count190
\c@paragraph=\count191
\c@subparagraph=\count192
\c@figure=\count193
\c@table=\count194
\abovecaptionskip=\skip48
\belowcaptionskip=\skip49
\bibindent=\dimen140
)
(C:\Users\tezer\AppData\Local\Programs\MiKTeX\tex/latex/base\inputenc.sty
Package: inputenc 2021/02/14 v1.3d Input encoding file
\inpenc@prehook=\toks17
\inpenc@posthook=\toks18
)
(C:\Users\tezer\AppData\Local\Programs\MiKTeX\tex/generic/babel\babel.sty
Package: babel 2024/01/07 v24.1 The Babel package
\babel@savecnt=\count195
\U@D=\dimen141
\l@unhyphenated=\language79

(C:\Users\tezer\AppData\Local\Programs\MiKTeX\tex/generic/babel\txtbabel.def)
\bbl@readstream=\read2
\bbl@dirlevel=\count196

*************************************
* Local config file bblopts.cfg used
*
(C:\Users\tezer\AppData\Local\Programs\MiKTeX\tex/latex/arabi\bblopts.cfg
File: bblopts.cfg 2005/09/08 v0.1 add Arabic and Farsi to "declared" options of
 babel
)
(C:\Users\tezer\AppData\Local\Programs\MiKTeX\tex/latex/babel-turkish\turkish.l
df
Language: turkish 2019/07/05 v1.4 Turkish support from the babel system
Package babel Info: Making : an active character on input line 163.
Package babel Info: Making ! an active character on input line 164.
Package babel Info: Making = an active character on input line 194.
))
(C:\Users\tezer\AppData\Local\Programs\MiKTeX\tex/generic/babel/locale/tr\babel
-turkish.tex
Package babel Info: Importing font and identification data for turkish
(babel)             from babel-tr.ini. Reported on input line 11.
)
(C:\Users\tezer\AppData\Local\Programs\MiKTeX\tex/latex/amsmath\amsmath.sty
Package: amsmath 2023/05/13 v2.17o AMS math features
\@mathmargin=\skip50

For additional information on amsmath, use the `?' option.
(C:\Users\tezer\AppData\Local\Programs\MiKTeX\tex/latex/amsmath\amstext.sty
Package: amstext 2021/08/26 v2.01 AMS text

(C:\Users\tezer\AppData\Local\Programs\MiKTeX\tex/latex/amsmath\amsgen.sty
File: amsgen.sty 1999/11/30 v2.0 generic functions
\@emptytoks=\toks19
\ex@=\dimen142
))
(C:\Users\tezer\AppData\Local\Programs\MiKTeX\tex/latex/amsmath\amsbsy.sty
Package: amsbsy 1999/11/29 v1.2d Bold Symbols
\pmbraise@=\dimen143
)
(C:\Users\tezer\AppData\Local\Programs\MiKTeX\tex/latex/amsmath\amsopn.sty
Package: amsopn 2022/04/08 v2.04 operator names
)
\inf@bad=\count197
LaTeX Info: Redefining \frac on input line 234.
\uproot@=\count198
\leftroot@=\count199
LaTeX Info: Redefining \overline on input line 399.
LaTeX Info: Redefining \colon on input line 410.
\classnum@=\count266
\DOTSCASE@=\count267
LaTeX Info: Redefining \ldots on input line 496.
LaTeX Info: Redefining \dots on input line 499.
LaTeX Info: Redefining \cdots on input line 620.
\Mathstrutbox@=\box51
\strutbox@=\box52
LaTeX Info: Redefining \big on input line 722.
LaTeX Info: Redefining \Big on input line 723.
LaTeX Info: Redefining \bigg on input line 724.
LaTeX Info: Redefining \Bigg on input line 725.
\big@size=\dimen144
LaTeX Font Info:    Redeclaring font encoding OML on input line 743.
LaTeX Font Info:    Redeclaring font encoding OMS on input line 744.
\macc@depth=\count268
LaTeX Info: Redefining \bmod on input line 905.
LaTeX Info: Redefining \pmod on input line 910.
LaTeX Info: Redefining \smash on input line 940.
LaTeX Info: Redefining \relbar on input line 970.
LaTeX Info: Redefining \Relbar on input line 971.
\c@MaxMatrixCols=\count269
\dotsspace@=\muskip16
\c@parentequation=\count270
\dspbrk@lvl=\count271
\tag@help=\toks20
\row@=\count272
\column@=\count273
\maxfields@=\count274
\andhelp@=\toks21
\eqnshift@=\dimen145
\alignsep@=\dimen146
\tagshift@=\dimen147
\tagwidth@=\dimen148
\totwidth@=\dimen149
\lineht@=\dimen150
\@envbody=\toks22
\multlinegap=\skip51
\multlinetaggap=\skip52
\mathdisplay@stack=\toks23
LaTeX Info: Redefining \[ on input line 2953.
LaTeX Info: Redefining \] on input line 2954.
)
(C:\Users\tezer\AppData\Local\Programs\MiKTeX\tex/latex/amsfonts\amssymb.sty
Package: amssymb 2013/01/14 v3.01 AMS font symbols

(C:\Users\tezer\AppData\Local\Programs\MiKTeX\tex/latex/amsfonts\amsfonts.sty
Package: amsfonts 2013/01/14 v3.01 Basic AMSFonts support
\symAMSa=\mathgroup4
\symAMSb=\mathgroup5
LaTeX Font Info:    Redeclaring math symbol \hbar on input line 98.
LaTeX Font Info:    Overwriting math alphabet `\mathfrak' in version `bold'
(Font)                  U/euf/m/n --> U/euf/b/n on input line 106.
)) (C:\Users\tezer\AppData\Local\Programs\MiKTeX\tex/latex/amscls\amsthm.sty
Package: amsthm 2020/05/29 v2.20.6
\thm@style=\toks24
\thm@bodyfont=\toks25
\thm@headfont=\toks26
\thm@notefont=\toks27
\thm@headpunct=\toks28
\thm@preskip=\skip53
\thm@postskip=\skip54
\thm@headsep=\skip55
\dth@everypar=\toks29
)
(C:\Users\tezer\AppData\Local\Programs\MiKTeX\tex/latex/l3backend\l3backend-pdf
tex.def
File: l3backend-pdftex.def 2024-01-04 L3 backend support: PDF output (pdfTeX)
\l__color_backend_stack_int=\count275
\l__pdf_internal_box=\box53
) (Notlar-1.aux)
\openout1 = `Notlar-1.aux'.

LaTeX Font Info:    Checking defaults for OML/cmm/m/it on input line 11.
LaTeX Font Info:    ... okay on input line 11.
LaTeX Font Info:    Checking defaults for OMS/cmsy/m/n on input line 11.
LaTeX Font Info:    ... okay on input line 11.
LaTeX Font Info:    Checking defaults for OT1/cmr/m/n on input line 11.
LaTeX Font Info:    ... okay on input line 11.
LaTeX Font Info:    Checking defaults for T1/cmr/m/n on input line 11.
LaTeX Font Info:    ... okay on input line 11.
LaTeX Font Info:    Checking defaults for TS1/cmr/m/n on input line 11.
LaTeX Font Info:    ... okay on input line 11.
LaTeX Font Info:    Checking defaults for OMX/cmex/m/n on input line 11.
LaTeX Font Info:    ... okay on input line 11.
LaTeX Font Info:    Checking defaults for U/cmr/m/n on input line 11.
LaTeX Font Info:    ... okay on input line 11.
LaTeX Font Info:    Trying to load font information for U+msa on input line 13.


(C:\Users\tezer\AppData\Local\Programs\MiKTeX\tex/latex/amsfonts\umsa.fd
File: umsa.fd 2013/01/14 v3.01 AMS symbols A
)
LaTeX Font Info:    Trying to load font information for U+msb on input line 13.


(C:\Users\tezer\AppData\Local\Programs\MiKTeX\tex/latex/amsfonts\umsb.fd
File: umsb.fd 2013/01/14 v3.01 AMS symbols B
)

LaTeX Warning: No \author given.

[1

{C:/Users/tezer/AppData/Local/MiKTeX/fonts/map/pdftex/pdftex.map}]
Overfull \hbox (9.09406pt too wide) in paragraph at lines 37--38
[]\OT1/cmr/m/n/12 S^^Pn^^Pf eti-ket-le-ri-nin bi-lin-mesi ne-de-niyle bu ad^^Pm
, \OT1/cmr/bx/n/12 de-ne-timli ^^?o^^Ugrenme
 []


Overfull \hbox (0.74872pt too wide) in paragraph at lines 53--54
\OT1/cmr/m/n/12 e^^Ugitim se-tin-deki ve-ri-le-rin tu-tarl^^P s^^Pn^^Pflara ayr
^^Plmas^^Pna izin ve-ren bir ak^^P^^Xs ^^Xsemas^^P
 []


Overfull \hbox (19.45935pt too wide) in paragraph at lines 58--59
[]\OT1/cmr/bx/n/12 Yaprak d^^?u^^Ug^^?umleri \OT1/cmr/m/n/12 (leaf no-des) ise 
s^^Pn^^Pf eti-ket-le-rini veya s^^Pn^^Pf da^^Ug^^Pl^^Pmlar^^Pn^^P
 []

[2]
Overfull \hbox (3.46234pt too wide) in paragraph at lines 87--89
\OT1/cmr/m/n/12 yan^^Pr ve en az bil-giyi ge-rek-ti-ren ^^?ozni-teli^^Ugi se^^X
cer. $\OML/cmm/m/it/12 D$ \OT1/cmr/m/n/12 veri k^^?ume-sini s^^Pn^^Pfland^^Prma
k
 []


Overfull \hbox (1.69447pt too wide) in paragraph at lines 97--98
[]\OT1/cmr/m/n/12 En y^^?uksek bilgi ka-zanc^^Pn^^P sa^^Uglayan ^^?ozni-te-lik,
 b^^?olme ^^?ozni-teli^^Ugi ola-rak se^^Xcilir.
 []


Overfull \hbox (7.82635pt too wide) in paragraph at lines 97--98
\OT1/cmr/m/n/12 Bilgi Ka-zanc^^P, ^^Xcok say^^Pda farkl^^P de^^Ugere sa-hip ^^?
ozni-te-lik-leri kay^^Prma e^^Ugilimindedir. 
 []

[3] [4] (Notlar-1.aux)
 ***********
LaTeX2e <2023-11-01> patch level 1
L3 programming layer <2024-01-04>
 ***********
 ) 
Here is how much of TeX's memory you used:
 2985 strings out of 474486
 47777 string characters out of 5743754
 1933542 words of memory out of 5000000
 25279 multiletter control sequences out of 15000+600000
 567169 words of font info for 71 fonts, out of 8000000 for 9000
 1141 hyphenation exceptions out of 8191
 56i,6n,65p,347b,355s stack positions out of 10000i,1000n,20000p,200000b,200000s
 <C:\Users\tezer\AppData\Local\MiKTeX\fonts/pk/ljfour/jknappen/ec/dpi600\tcrm
1200.pk><C:/Users/tezer/AppData/Local/Programs/MiKTeX/fonts/type1/public/amsfon
ts/cm/cmbx12.pfb><C:/Users/tezer/AppData/Local/Programs/MiKTeX/fonts/type1/publ
ic/amsfonts/cm/cmex10.pfb><C:/Users/tezer/AppData/Local/Programs/MiKTeX/fonts/t
ype1/public/amsfonts/cm/cmmi12.pfb><C:/Users/tezer/AppData/Local/Programs/MiKTe
X/fonts/type1/public/amsfonts/cm/cmmi8.pfb><C:/Users/tezer/AppData/Local/Progra
ms/MiKTeX/fonts/type1/public/amsfonts/cm/cmr12.pfb><C:/Users/tezer/AppData/Loca
l/Programs/MiKTeX/fonts/type1/public/amsfonts/cm/cmr17.pfb><C:/Users/tezer/AppD
ata/Local/Programs/MiKTeX/fonts/type1/public/amsfonts/cm/cmr8.pfb><C:/Users/tez
er/AppData/Local/Programs/MiKTeX/fonts/type1/public/amsfonts/cm/cmsy10.pfb>
Output written on Notlar-1.pdf (4 pages, 111647 bytes).
PDF statistics:
 60 PDF objects out of 1000 (max. 8388607)
 0 named destinations out of 1000 (max. 500000)
 1 words of extra memory for PDF output out of 10000 (max. 10000000)

